# JRE version: Java(TM) SE Runtime Environment (8.0_91-b15) (build 1.8.0_91-b15)
# Java VM: Java HotSpot(TM) 64-Bit Server VM (25.91-b15 mixed mode windows-amd64 compressed oops)
Heap:
 PSYoungGen      total 296960K, used 130973K [0x00000000d5d80000, 0x00000000f0e00000, 0x0000000100000000)
  eden space 296448K, 44% used [0x00000000d5d80000,0x00000000ddd47550,0x00000000e7f00000)
  from space 512K, 25% used [0x00000000e8100000,0x00000000e8120000,0x00000000e8180000)
  to   space 2048K, 0% used [0x00000000e7f00000,0x00000000e7f00000,0x00000000e8100000)
 ParOldGen       total 451584K, used 407801K [0x0000000081800000, 0x000000009d100000, 0x00000000d5d80000)
  object space 451584K, 90% used [0x0000000081800000,0x000000009a63e478,0x000000009d100000)
 Metaspace       used 8950K, capacity 9118K, committed 9344K, reserved 1056768K
  class space    used 1030K, capacity 1116K, committed 1152K, reserved 1048576K
GC Heap History (10 events):
Event: 16.463 GC heap before
{Heap before GC invocations=13 (full 1):
 PSYoungGen      total 296960K, used 292586K [0x00000000d5d80000, 0x00000000e8180000, 0x0000000100000000)
  eden space 294912K, 99% used [0x00000000d5d80000,0x00000000e7b12858,0x00000000e7d80000)
  from space 2048K, 7% used [0x00000000e7d80000,0x00000000e7da8000,0x00000000e7f80000)
  to   space 512K, 0% used [0x00000000e8100000,0x00000000e8100000,0x00000000e8180000)
 ParOldGen       total 451584K, used 407595K [0x0000000081800000, 0x000000009d100000, 0x00000000d5d80000)
  object space 451584K, 90% used [0x0000000081800000,0x000000009a60ae10,0x000000009d100000)
 Metaspace       used 8736K, capacity 8884K, committed 9088K, reserved 1056768K
  class space    used 1021K, capacity 1083K, committed 1152K, reserved 1048576K
Event: 16.489 GC heap after
Heap after GC invocations=13 (full 1):
 PSYoungGen      total 295424K, used 160K [0x00000000d5d80000, 0x00000000e8180000, 0x0000000100000000)
  eden space 294912K, 0% used [0x00000000d5d80000,0x00000000d5d80000,0x00000000e7d80000)
  from space 512K, 31% used [0x00000000e8100000,0x00000000e8128000,0x00000000e8180000)
  to   space 2048K, 0% used [0x00000000e7d80000,0x00000000e7d80000,0x00000000e7f80000)
 ParOldGen       total 451584K, used 407662K [0x0000000081800000, 0x000000009d100000, 0x00000000d5d80000)
  object space 451584K, 90% used [0x0000000081800000,0x000000009a61bb90,0x000000009d100000)
 Metaspace       used 8736K, capacity 8884K, committed 9088K, reserved 1056768K
  class space    used 1021K, capacity 1083K, committed 1152K, reserved 1048576K
}
Event: 17.663 GC heap before
{Heap before GC invocations=14 (full 1):
 PSYoungGen      total 295424K, used 292388K [0x00000000d5d80000, 0x00000000e8180000, 0x0000000100000000)
  eden space 294912K, 99% used [0x00000000d5d80000,0x00000000e7ae1160,0x00000000e7d80000)
  from space 512K, 31% used [0x00000000e8100000,0x00000000e8128000,0x00000000e8180000)
  to   space 2048K, 0% used [0x00000000e7d80000,0x00000000e7d80000,0x00000000e7f80000)
 ParOldGen       total 451584K, used 407662K [0x0000000081800000, 0x000000009d100000, 0x00000000d5d80000)
  object space 451584K, 90% used [0x0000000081800000,0x000000009a61bb90,0x000000009d100000)
 Metaspace       used 8754K, capacity 8948K, committed 9088K, reserved 1056768K
  class space    used 1021K, capacity 1083K, committed 1152K, reserved 1048576K
Event: 17.702 GC heap after
Heap after GC invocations=14 (full 1):
 PSYoungGen      total 296960K, used 128K [0x00000000d5d80000, 0x00000000e8180000, 0x0000000100000000)
  eden space 294912K, 0% used [0x00000000d5d80000,0x00000000d5d80000,0x00000000e7d80000)
  from space 2048K, 6% used [0x00000000e7d80000,0x00000000e7da0000,0x00000000e7f80000)
  to   space 512K, 0% used [0x00000000e8100000,0x00000000e8100000,0x00000000e8180000)
 ParOldGen       total 451584K, used 407734K [0x0000000081800000, 0x000000009d100000, 0x00000000d5d80000)
  object space 451584K, 90% used [0x0000000081800000,0x000000009a62da70,0x000000009d100000)
 Metaspace       used 8754K, capacity 8948K, committed 9088K, reserved 1056768K
  class space    used 1021K, capacity 1083K, committed 1152K, reserved 1048576K
}
Event: 18.802 GC heap before
{Heap before GC invocations=15 (full 1):
 PSYoungGen      total 296960K, used 292083K [0x00000000d5d80000, 0x00000000e8180000, 0x0000000100000000)
  eden space 294912K, 98% used [0x00000000d5d80000,0x00000000e7a9ce60,0x00000000e7d80000)
  from space 2048K, 6% used [0x00000000e7d80000,0x00000000e7da0000,0x00000000e7f80000)
  to   space 512K, 0% used [0x00000000e8100000,0x00000000e8100000,0x00000000e8180000)
 ParOldGen       total 451584K, used 407734K [0x0000000081800000, 0x000000009d100000, 0x00000000d5d80000)
  object space 451584K, 90% used [0x0000000081800000,0x000000009a62da70,0x000000009d100000)
 Metaspace       used 8769K, capacity 8948K, committed 9088K, reserved 1056768K
  class space    used 1021K, capacity 1083K, committed 1152K, reserved 1048576K
Event: 18.825 GC heap after
Heap after GC invocations=15 (full 1):
 PSYoungGen      total 295424K, used 128K [0x00000000d5d80000, 0x00000000e8180000, 0x0000000100000000)
  eden space 294912K, 0% used [0x00000000d5d80000,0x00000000d5d80000,0x00000000e7d80000)
  from space 512K, 25% used [0x00000000e8100000,0x00000000e8120000,0x00000000e8180000)
  to   space 2048K, 0% used [0x00000000e7d80000,0x00000000e7d80000,0x00000000e7f80000)
 ParOldGen       total 451584K, used 407777K [0x0000000081800000, 0x000000009d100000, 0x00000000d5d80000)
  object space 451584K, 90% used [0x0000000081800000,0x000000009a638478,0x000000009d100000)
 Metaspace       used 8769K, capacity 8948K, committed 9088K, reserved 1056768K
  class space    used 1021K, capacity 1083K, committed 1152K, reserved 1048576K
}
Event: 19.991 GC heap before
{Heap before GC invocations=16 (full 1):
 PSYoungGen      total 295424K, used 292196K [0x00000000d5d80000, 0x00000000e8180000, 0x0000000100000000)
  eden space 294912K, 99% used [0x00000000d5d80000,0x00000000e7ab9158,0x00000000e7d80000)
  from space 512K, 25% used [0x00000000e8100000,0x00000000e8120000,0x00000000e8180000)
  to   space 2048K, 0% used [0x00000000e7d80000,0x00000000e7d80000,0x00000000e7f80000)
 ParOldGen       total 451584K, used 407777K [0x0000000081800000, 0x000000009d100000, 0x00000000d5d80000)
  object space 451584K, 90% used [0x0000000081800000,0x000000009a638478,0x000000009d100000)
 Metaspace       used 8861K, capacity 9054K, committed 9344K, reserved 1056768K
  class space    used 1030K, capacity 1116K, committed 1152K, reserved 1048576K
Event: 20.050 GC heap after
Heap after GC invocations=16 (full 1):
 PSYoungGen      total 296960K, used 128K [0x00000000d5d80000, 0x00000000e8180000, 0x0000000100000000)
  eden space 294912K, 0% used [0x00000000d5d80000,0x00000000d5d80000,0x00000000e7d80000)
  from space 2048K, 6% used [0x00000000e7d80000,0x00000000e7da0000,0x00000000e7f80000)
  to   space 512K, 0% used [0x00000000e8100000,0x00000000e8100000,0x00000000e8180000)
 ParOldGen       total 451584K, used 407785K [0x0000000081800000, 0x000000009d100000, 0x00000000d5d80000)
  object space 451584K, 90% used [0x0000000081800000,0x000000009a63a478,0x000000009d100000)
 Metaspace       used 8861K, capacity 9054K, committed 9344K, reserved 1056768K
  class space    used 1030K, capacity 1116K, committed 1152K, reserved 1048576K
}
Event: 21.170 GC heap before
{Heap before GC invocations=17 (full 1):
 PSYoungGen      total 296960K, used 292122K [0x00000000d5d80000, 0x00000000e8180000, 0x0000000100000000)
  eden space 294912K, 99% used [0x00000000d5d80000,0x00000000e7aa6b38,0x00000000e7d80000)
  from space 2048K, 6% used [0x00000000e7d80000,0x00000000e7da0000,0x00000000e7f80000)
  to   space 512K, 0% used [0x00000000e8100000,0x00000000e8100000,0x00000000e8180000)
 ParOldGen       total 451584K, used 407785K [0x0000000081800000, 0x000000009d100000, 0x00000000d5d80000)
  object space 451584K, 90% used [0x0000000081800000,0x000000009a63a478,0x000000009d100000)
 Metaspace       used 8904K, capacity 9118K, committed 9344K, reserved 1056768K
  class space    used 1030K, capacity 1116K, committed 1152K, reserved 1048576K
Event: 21.176 GC heap after
Heap after GC invocations=17 (full 1):
 PSYoungGen      total 296960K, used 128K [0x00000000d5d80000, 0x00000000f0e00000, 0x0000000100000000)
  eden space 296448K, 0% used [0x00000000d5d80000,0x00000000d5d80000,0x00000000e7f00000)
  from space 512K, 25% used [0x00000000e8100000,0x00000000e8120000,0x00000000e8180000)
  to   space 2048K, 0% used [0x00000000e7f00000,0x00000000e7f00000,0x00000000e8100000)
 ParOldGen       total 451584K, used 407801K [0x0000000081800000, 0x000000009d100000, 0x00000000d5d80000)
  object space 451584K, 90% used [0x0000000081800000,0x000000009a63e478,0x000000009d100000)
 Metaspace       used 8904K, capacity 9118K, committed 9344K, reserved 1056768K
  class space    used 1030K, capacity 1116K, committed 1152K, reserved 1048576K
}

